<?xml version="1.0" encoding="UTF-8"?>
<testng-results skipped="0" failed="0" total="1" passed="1">
  <reporter-output>
  </reporter-output>
  <suite name="Default suite" duration-ms="51035" started-at="2016-04-23T08:03:26Z" finished-at="2016-04-23T08:04:17Z">
    <groups>
    </groups>
    <test name="Default test" duration-ms="51035" started-at="2016-04-23T08:03:26Z" finished-at="2016-04-23T08:04:17Z">
      <class name="Basictest.Sample">
        <test-method status="PASS" signature="f()[pri:0, instance:Basictest.Sample@3bfdc050]" name="f" duration-ms="50898" started-at="2016-04-23T13:33:26Z" finished-at="2016-04-23T13:34:17Z">
          <reporter-output>
          </reporter-output>
        </test-method> <!-- f -->
      </class> <!-- Basictest.Sample -->
    </test> <!-- Default test -->
  </suite> <!-- Default suite -->
</testng-results>
